<?xml version="1.0" encoding="UTF-8"?>
<!-- Generated by org.testng.reporters.JUnitXMLReporter -->
<testsuite hostname="LAPTOP-GBQP38G7" ignored="0" name="SSPART Test" tests="5" failures="3" timestamp="29 Mar 2019 08:26:39 GMT" time="46.156" errors="0">
  <testcase name="@AfterTest afterthetest" time="0.001" classname="testNGpackages.Testngclass1">
    <failure type="java.lang.NullPointerException">
      <![CDATA[java.lang.NullPointerException
at testNGpackages.Testngclass1.afterthetest(Testngclass1.java:36)
... Removed 24 stack frames]]>
    </failure>
  </testcase> <!-- @AfterTest afterthetest -->
  <testcase name="tastcase01" time="1.298" classname="testNGpackages.Testngclass1">
    <failure type="java.lang.NullPointerException">
      <![CDATA[java.lang.NullPointerException
at testNGpackages.Testngclass1.tastcase01(Testngclass1.java:47)
... Removed 25 stack frames]]>
    </failure>
  </testcase> <!-- tastcase01 -->
  <testcase name="tastcase02" time="0.004" classname="testNGpackages.Testngclass1">
    <failure type="java.lang.NullPointerException">
      <![CDATA[java.lang.NullPointerException
at testNGpackages.Testngclass1.tastcase02(Testngclass1.java:54)
... Removed 25 stack frames]]>
    </failure>
  </testcase> <!-- tastcase02 -->
  <testcase name="tastcase03" time="0.006" classname="testNGpackages.Testngclass1">
    <failure type="java.lang.NullPointerException">
      <![CDATA[java.lang.NullPointerException
at testNGpackages.Testngclass1.tastcase03(Testngclass1.java:61)
... Removed 25 stack frames]]>
    </failure>
  </testcase> <!-- tastcase03 -->
  <testcase name="tastcase03" time="0.006" classname="testNGpackages.Testngclass2"/>
  <testcase name="tastcase04" time="0.01" classname="testNGpackages.Testngclass2"/>
</testsuite> <!-- SSPART Test -->
