<?xml version="1.0" encoding="UTF-8"?>
<testng-results skipped="0" failed="1" ignored="0" total="3" passed="2">
  <reporter-output>
  </reporter-output>
  <suite name="Default suite" duration-ms="67541" started-at="2019-03-29T11:10:33Z" finished-at="2019-03-29T11:11:41Z">
    <groups>
    </groups>
    <test name="Default test" duration-ms="67541" started-at="2019-03-29T11:10:33Z" finished-at="2019-03-29T11:11:41Z">
      <class name="testNGpackages.Testngclass1">
        <test-method status="PASS" signature="beforethetest()[pri:0, instance:testNGpackages.Testngclass1@9629756]" name="beforethetest" is-config="true" duration-ms="10228" started-at="2019-03-29T11:10:33Z" finished-at="2019-03-29T11:10:44Z">
          <reporter-output>
          </reporter-output>
        </test-method> <!-- beforethetest -->
        <test-method status="PASS" signature="beforethemethod()[pri:0, instance:testNGpackages.Testngclass1@9629756]" name="beforethemethod" is-config="true" duration-ms="32324" started-at="2019-03-29T11:10:44Z" finished-at="2019-03-29T11:11:16Z">
          <reporter-output>
          </reporter-output>
        </test-method> <!-- beforethemethod -->
        <test-method status="FAIL" signature="tastcase01()[pri:0, instance:testNGpackages.Testngclass1@9629756]" name="tastcase01" duration-ms="6807" started-at="2019-03-29T11:11:16Z" finished-at="2019-03-29T11:11:23Z">
          <exception class="org.openqa.selenium.InvalidSelectorException">
            <message>
              <![CDATA[invalid selector: Unable to locate an element with the xpath expression select droupdown of electronics because of the following error:
SyntaxError: Failed to execute 'evaluate' on 'Document': The string 'select droupdown of electronics' is not a valid XPath expression.
  (Session info: chrome=73.0.3683.86)
  (Driver info: chromedriver=73.0.3683.68 (47787ec04b6e38e22703e856e101e840b65afe72),platform=Windows NT 10.0.17134 x86_64) (WARNING: The server did not provide any stacktrace information)
Command duration or timeout: 0 milliseconds
For documentation on this error, please visit: https://www.seleniumhq.org/exceptions/invalid_selector_exception.html
Build info: version: '3.141.59', revision: 'e82be7d358', time: '2018-11-14T08:25:53'
System info: host: 'LAPTOP-GBQP38G7', ip: '192.168.33.1', os.name: 'Windows 10', os.arch: 'amd64', os.version: '10.0', java.version: '1.8.0_201'
Driver info: org.openqa.selenium.chrome.ChromeDriver
Capabilities {acceptInsecureCerts: false, acceptSslCerts: false, applicationCacheEnabled: false, browserConnectionEnabled: false, browserName: chrome, chrome: {chromedriverVersion: 73.0.3683.68 (47787ec04b6e3..., userDataDir: C:\Users\ANKITHA\AppData\Lo...}, cssSelectorsEnabled: true, databaseEnabled: false, goog:chromeOptions: {debuggerAddress: localhost:64543}, handlesAlerts: true, hasTouchScreen: false, javascriptEnabled: true, locationContextEnabled: true, mobileEmulationEnabled: false, nativeEvents: true, networkConnectionEnabled: false, pageLoadStrategy: normal, platform: XP, platformName: XP, proxy: Proxy(), rotatable: false, setWindowRect: true, strictFileInteractability: false, takesHeapSnapshot: true, takesScreenshot: true, timeouts: {implicit: 0, pageLoad: 300000, script: 30000}, unexpectedAlertBehaviour: ignore, unhandledPromptBehavior: ignore, version: 73.0.3683.86, webStorageEnabled: true}
Session ID: dc6fdfe9fdd0933a11027cf82034047d
*** Element info: {Using=xpath, value=select droupdown of electronics}]]>
            </message>
            <full-stacktrace>
              <![CDATA[org.openqa.selenium.InvalidSelectorException: invalid selector: Unable to locate an element with the xpath expression select droupdown of electronics because of the following error:
SyntaxError: Failed to execute 'evaluate' on 'Document': The string 'select droupdown of electronics' is not a valid XPath expression.
  (Session info: chrome=73.0.3683.86)
  (Driver info: chromedriver=73.0.3683.68 (47787ec04b6e38e22703e856e101e840b65afe72),platform=Windows NT 10.0.17134 x86_64) (WARNING: The server did not provide any stacktrace information)
Command duration or timeout: 0 milliseconds
For documentation on this error, please visit: https://www.seleniumhq.org/exceptions/invalid_selector_exception.html
Build info: version: '3.141.59', revision: 'e82be7d358', time: '2018-11-14T08:25:53'
System info: host: 'LAPTOP-GBQP38G7', ip: '192.168.33.1', os.name: 'Windows 10', os.arch: 'amd64', os.version: '10.0', java.version: '1.8.0_201'
Driver info: org.openqa.selenium.chrome.ChromeDriver
Capabilities {acceptInsecureCerts: false, acceptSslCerts: false, applicationCacheEnabled: false, browserConnectionEnabled: false, browserName: chrome, chrome: {chromedriverVersion: 73.0.3683.68 (47787ec04b6e3..., userDataDir: C:\Users\ANKITHA\AppData\Lo...}, cssSelectorsEnabled: true, databaseEnabled: false, goog:chromeOptions: {debuggerAddress: localhost:64543}, handlesAlerts: true, hasTouchScreen: false, javascriptEnabled: true, locationContextEnabled: true, mobileEmulationEnabled: false, nativeEvents: true, networkConnectionEnabled: false, pageLoadStrategy: normal, platform: XP, platformName: XP, proxy: Proxy(), rotatable: false, setWindowRect: true, strictFileInteractability: false, takesHeapSnapshot: true, takesScreenshot: true, timeouts: {implicit: 0, pageLoad: 300000, script: 30000}, unexpectedAlertBehaviour: ignore, unhandledPromptBehavior: ignore, version: 73.0.3683.86, webStorageEnabled: true}
Session ID: dc6fdfe9fdd0933a11027cf82034047d
*** Element info: {Using=xpath, value=select droupdown of electronics}
at sun.reflect.NativeConstructorAccessorImpl.newInstance0(Native Method)
at sun.reflect.NativeConstructorAccessorImpl.newInstance(Unknown Source)
at sun.reflect.DelegatingConstructorAccessorImpl.newInstance(Unknown Source)
at java.lang.reflect.Constructor.newInstance(Unknown Source)
at org.openqa.selenium.remote.ErrorHandler.createThrowable(ErrorHandler.java:214)
at org.openqa.selenium.remote.ErrorHandler.throwIfResponseFailed(ErrorHandler.java:166)
at org.openqa.selenium.remote.http.JsonHttpResponseCodec.reconstructValue(JsonHttpResponseCodec.java:40)
at org.openqa.selenium.remote.http.AbstractHttpResponseCodec.decode(AbstractHttpResponseCodec.java:80)
at org.openqa.selenium.remote.http.AbstractHttpResponseCodec.decode(AbstractHttpResponseCodec.java:44)
at org.openqa.selenium.remote.HttpCommandExecutor.execute(HttpCommandExecutor.java:158)
at org.openqa.selenium.remote.service.DriverCommandExecutor.execute(DriverCommandExecutor.java:83)
at org.openqa.selenium.remote.RemoteWebDriver.execute(RemoteWebDriver.java:552)
at org.openqa.selenium.remote.RemoteWebDriver.findElement(RemoteWebDriver.java:323)
at org.openqa.selenium.remote.RemoteWebDriver.findElementByXPath(RemoteWebDriver.java:428)
at org.openqa.selenium.By$ByXPath.findElement(By.java:353)
at org.openqa.selenium.remote.RemoteWebDriver.findElement(RemoteWebDriver.java:315)
at testNGpackages.Testngclass1.tastcase01(Testngclass1.java:50)
at sun.reflect.NativeMethodAccessorImpl.invoke0(Native Method)
at sun.reflect.NativeMethodAccessorImpl.invoke(Unknown Source)
at sun.reflect.DelegatingMethodAccessorImpl.invoke(Unknown Source)
at java.lang.reflect.Method.invoke(Unknown Source)
at org.testng.internal.MethodInvocationHelper.invokeMethod(MethodInvocationHelper.java:124)
at org.testng.internal.Invoker.invokeMethod(Invoker.java:583)
at org.testng.internal.Invoker.invokeTestMethod(Invoker.java:719)
at org.testng.internal.Invoker.invokeTestMethods(Invoker.java:989)
at org.testng.internal.TestMethodWorker.invokeTestMethods(TestMethodWorker.java:125)
at org.testng.internal.TestMethodWorker.run(TestMethodWorker.java:109)
at org.testng.TestRunner.privateRun(TestRunner.java:648)
at org.testng.TestRunner.run(TestRunner.java:505)
at org.testng.SuiteRunner.runTest(SuiteRunner.java:455)
at org.testng.SuiteRunner.runSequentially(SuiteRunner.java:450)
at org.testng.SuiteRunner.privateRun(SuiteRunner.java:415)
at org.testng.SuiteRunner.run(SuiteRunner.java:364)
at org.testng.SuiteRunnerWorker.runSuite(SuiteRunnerWorker.java:52)
at org.testng.SuiteRunnerWorker.run(SuiteRunnerWorker.java:84)
at org.testng.TestNG.runSuitesSequentially(TestNG.java:1208)
at org.testng.TestNG.runSuitesLocally(TestNG.java:1137)
at org.testng.TestNG.runSuites(TestNG.java:1049)
at org.testng.TestNG.run(TestNG.java:1017)
at org.testng.remote.AbstractRemoteTestNG.run(AbstractRemoteTestNG.java:115)
at org.testng.remote.RemoteTestNG.initAndRun(RemoteTestNG.java:251)
at org.testng.remote.RemoteTestNG.main(RemoteTestNG.java:77)
]]>
            </full-stacktrace>
          </exception> <!-- org.openqa.selenium.InvalidSelectorException -->
          <reporter-output>
          </reporter-output>
        </test-method> <!-- tastcase01 -->
        <test-method status="PASS" signature="afterthemethod()[pri:0, instance:testNGpackages.Testngclass1@9629756]" name="afterthemethod" is-config="true" duration-ms="2" started-at="2019-03-29T11:11:23Z" finished-at="2019-03-29T11:11:23Z">
          <reporter-output>
          </reporter-output>
        </test-method> <!-- afterthemethod -->
        <test-method status="PASS" signature="beforethemethod()[pri:0, instance:testNGpackages.Testngclass1@9629756]" name="beforethemethod" is-config="true" duration-ms="4273" started-at="2019-03-29T11:11:23Z" finished-at="2019-03-29T11:11:27Z">
          <reporter-output>
          </reporter-output>
        </test-method> <!-- beforethemethod -->
        <test-method status="PASS" signature="tastcase02()[pri:0, instance:testNGpackages.Testngclass1@9629756]" name="tastcase02" duration-ms="4478" started-at="2019-03-29T11:11:27Z" finished-at="2019-03-29T11:11:32Z">
          <reporter-output>
          </reporter-output>
        </test-method> <!-- tastcase02 -->
        <test-method status="PASS" signature="afterthemethod()[pri:0, instance:testNGpackages.Testngclass1@9629756]" name="afterthemethod" is-config="true" duration-ms="0" started-at="2019-03-29T11:11:32Z" finished-at="2019-03-29T11:11:32Z">
          <reporter-output>
          </reporter-output>
        </test-method> <!-- afterthemethod -->
        <test-method status="PASS" signature="beforethemethod()[pri:0, instance:testNGpackages.Testngclass1@9629756]" name="beforethemethod" is-config="true" duration-ms="3618" started-at="2019-03-29T11:11:32Z" finished-at="2019-03-29T11:11:35Z">
          <reporter-output>
          </reporter-output>
        </test-method> <!-- beforethemethod -->
        <test-method status="PASS" signature="tastcase03()[pri:0, instance:testNGpackages.Testngclass1@9629756]" name="tastcase03" duration-ms="4284" started-at="2019-03-29T11:11:35Z" finished-at="2019-03-29T11:11:40Z">
          <reporter-output>
          </reporter-output>
        </test-method> <!-- tastcase03 -->
        <test-method status="PASS" signature="afterthemethod()[pri:0, instance:testNGpackages.Testngclass1@9629756]" name="afterthemethod" is-config="true" duration-ms="1" started-at="2019-03-29T11:11:40Z" finished-at="2019-03-29T11:11:40Z">
          <reporter-output>
          </reporter-output>
        </test-method> <!-- afterthemethod -->
        <test-method status="PASS" signature="afterthetest()[pri:0, instance:testNGpackages.Testngclass1@9629756]" name="afterthetest" is-config="true" duration-ms="1311" started-at="2019-03-29T11:11:40Z" finished-at="2019-03-29T11:11:41Z">
          <reporter-output>
          </reporter-output>
        </test-method> <!-- afterthetest -->
      </class> <!-- testNGpackages.Testngclass1 -->
    </test> <!-- Default test -->
  </suite> <!-- Default suite -->
</testng-results>
